<?xml version="1.0" encoding="UTF-8"?>
<testng-results ignored="0" total="1" passed="1" failed="0" skipped="0">
  <reporter-output>
  </reporter-output>
  <suite started-at="2021-12-06T09:38:11Z" name="Surefire suite" finished-at="2021-12-06T09:38:49Z" duration-ms="37458">
    <groups>
      <group name="cucumber">
        <method signature="AbstractTestNGCucumberTests.runScenario(io.cucumber.testng.PickleWrapper, io.cucumber.testng.FeatureWrapper)[pri:0, instance:testng.Testrunner@5cee5251]" name="runScenario" class="io.cucumber.testng.AbstractTestNGCucumberTests"/>
      </group> <!-- cucumber -->
    </groups>
    <test started-at="2021-12-06T09:38:11Z" name="Surefire test" finished-at="2021-12-06T09:38:49Z" duration-ms="37458">
      <class name="testng.Testrunner">
        <test-method is-config="true" signature="setUpClass()[pri:0, instance:testng.Testrunner@5cee5251]" started-at="2021-12-06T15:08:11Z" name="setUpClass" finished-at="2021-12-06T15:08:12Z" duration-ms="418" status="PASS">
          <reporter-output>
          </reporter-output>
        </test-method> <!-- setUpClass -->
        <test-method signature="runScenario(io.cucumber.testng.PickleWrapper, io.cucumber.testng.FeatureWrapper)[pri:0, instance:testng.Testrunner@5cee5251]" started-at="2021-12-06T15:08:12Z" name="runScenario" description="Runs Cucumber Scenarios" data-provider="scenarios" finished-at="2021-12-06T15:08:47Z" duration-ms="35306" status="PASS">
          <params>
            <param index="0">
              <value>
                <![CDATA["Testing the module deals of the week"]]>
              </value>
            </param>
            <param index="1">
              <value>
                <![CDATA["Optional[Testing a module of urban ladder website]"]]>
              </value>
            </param>
          </params>
          <reporter-output>
          </reporter-output>
        </test-method> <!-- runScenario -->
        <test-method is-config="true" signature="tearDownClass()[pri:0, instance:testng.Testrunner@5cee5251]" started-at="2021-12-06T15:08:47Z" name="tearDownClass" finished-at="2021-12-06T15:08:49Z" duration-ms="1719" status="PASS">
          <reporter-output>
          </reporter-output>
        </test-method> <!-- tearDownClass -->
      </class> <!-- testng.Testrunner -->
    </test> <!-- Surefire test -->
  </suite> <!-- Surefire suite -->
</testng-results>
