<?xml version="1.0" encoding="UTF-8"?>
<testng-results ignored="0" total="1" passed="1" failed="0" skipped="0">
  <reporter-output>
  </reporter-output>
  <suite started-at="2021-12-06T14:01:01 IST" name="Default suite" finished-at="2021-12-06T14:01:37 IST" duration-ms="36103">
    <groups>
      <group name="cucumber">
        <method signature="AbstractTestNGCucumberTests.runScenario(io.cucumber.testng.PickleWrapper,io.cucumber.testng.FeatureWrapper)[pri:0, instance:testng.Testrunner@4d5b6aac]" name="runScenario" class="io.cucumber.testng.AbstractTestNGCucumberTests"/>
      </group> <!-- cucumber -->
    </groups>
    <test started-at="2021-12-06T14:01:01 IST" name="Default test" finished-at="2021-12-06T14:01:37 IST" duration-ms="36103">
      <class name="testng.Testrunner">
        <test-method is-config="true" signature="setUpClass()[pri:0, instance:testng.Testrunner@4d5b6aac]" started-at="2021-12-06T14:01:01 IST" name="setUpClass" finished-at="2021-12-06T14:01:01 IST" duration-ms="398" status="PASS">
          <reporter-output>
          </reporter-output>
        </test-method> <!-- setUpClass -->
        <test-method signature="runScenario(io.cucumber.testng.PickleWrapper,io.cucumber.testng.FeatureWrapper)[pri:0, instance:testng.Testrunner@4d5b6aac]" started-at="2021-12-06T14:01:01 IST" name="runScenario" description="Runs Cucumber Scenarios" data-provider="scenarios" finished-at="2021-12-06T14:01:36 IST" duration-ms="34259" status="PASS">
          <params>
            <param index="0">
              <value>
                <![CDATA["Testing the module deals of the week"]]>
              </value>
            </param>
            <param index="1">
              <value>
                <![CDATA["Optional[Testing a module of urban ladder website]"]]>
              </value>
            </param>
          </params>
          <reporter-output>
          </reporter-output>
        </test-method> <!-- runScenario -->
        <test-method is-config="true" signature="tearDownClass()[pri:0, instance:testng.Testrunner@4d5b6aac]" started-at="2021-12-06T14:01:36 IST" name="tearDownClass" finished-at="2021-12-06T14:01:37 IST" duration-ms="1408" status="PASS">
          <reporter-output>
          </reporter-output>
        </test-method> <!-- tearDownClass -->
      </class> <!-- testng.Testrunner -->
    </test> <!-- Default test -->
  </suite> <!-- Default suite -->
</testng-results>
